Build started 21.04.2016 21:09:05.
     1>Project "C:\Problems\winapi\final\winapi-game-points\GamePoints\GamePoints\GamePoints.vcxproj" on node 2 (Build target(s)).
     1>ClCompile:
         C:\Program Files (x86)\Microsoft Visual Studio 12.0\VC\bin\CL.exe /c /ZI /nologo /W3 /WX- /sdl /Od /Oy- /D _UNICODE /D UNICODE /Gm /EHsc /RTC1 /MDd /GS /fp:precise /Zc:wchar_t /Zc:forScope /Fo"Debug\\" /Fd"Debug\vc120.pdb" /Gd /TP /analyze- /errorReport:prompt COverlappedWindow.cpp COverlappedWindowCustomGame.cpp COverlappedWindowDrawing.cpp COverlappedWindowViewSettings.cpp WinMain.cpp
         COverlappedWindowViewSettings.cpp
     1>c:\problems\winapi\final\winapi-game-points\gamepoints\gamepoints\coverlappedwindowviewsettings.cpp(186): warning C4800: 'LRESULT' : forcing value to bool 'true' or 'false' (performance warning)
         COverlappedWindowCustomGame.cpp
     1>c:\problems\winapi\final\winapi-game-points\gamepoints\gamepoints\coverlappedwindowcustomgame.cpp(121): warning C4800: 'LRESULT' : forcing value to bool 'true' or 'false' (performance warning)
         Generating Code...
         Compiling...
         COverlappedWindow.cpp
         Generating Code...
         Skipping... (no relevant changes detected)
         WinMain.cpp
         COverlappedWindowDrawing.cpp
       Link:
         C:\Program Files (x86)\Microsoft Visual Studio 12.0\VC\bin\link.exe /ERRORREPORT:PROMPT /OUT:"C:\Problems\winapi\final\winapi-game-points\GamePoints\Debug\GamePoints.exe" /INCREMENTAL /NOLOGO kernel32.lib user32.lib gdi32.lib winspool.lib comdlg32.lib advapi32.lib shell32.lib ole32.lib oleaut32.lib uuid.lib odbc32.lib odbccp32.lib /MANIFEST /MANIFESTUAC:"level='asInvoker' uiAccess='false'" /manifest:embed /DEBUG /PDB:"C:\Problems\winapi\final\winapi-game-points\GamePoints\Debug\GamePoints.pdb" /TLBID:1 /DYNAMICBASE /NXCOMPAT /IMPLIB:"C:\Problems\winapi\final\winapi-game-points\GamePoints\Debug\GamePoints.lib" /MACHINE:X86 Debug\GamePoints.res
         Debug\COverlappedWindow.obj
         Debug\COverlappedWindowCustomGame.obj
         Debug\COverlappedWindowDrawing.obj
         Debug\COverlappedWindowViewSettings.obj
         Debug\WinMain.obj
         GamePoints.vcxproj -> C:\Problems\winapi\final\winapi-game-points\GamePoints\Debug\GamePoints.exe
     1>Done Building Project "C:\Problems\winapi\final\winapi-game-points\GamePoints\GamePoints\GamePoints.vcxproj" (Build target(s)).

Build succeeded.

Time Elapsed 00:00:04.07
